<?xml version="1.0" encoding="UTF-8"?>
<!-- Generated by org.testng.reporters.JUnitReportReporter -->
<testsuite hostname="ZIL948" failures="0" tests="1" name="Practices.Cookies" time="1.822" errors="0" timestamp="2024-05-28T13:14:36 IST" skipped="0">
  <testcase classname="Practices.Cookies" name="cookies" time="1.822"/>
  <system-out/>
</testsuite> <!-- Practices.Cookies -->
