<?xml version="1.0" encoding="UTF-8"?>
<!-- Generated by org.testng.reporters.JUnitReportReporter -->
<testsuite hostname="ZIL948" failures="0" tests="2" name="Practices.DiffResponceBodyExternalFile" time="1.374" errors="0" timestamp="2024-05-28T12:35:58 IST" skipped="0">
  <testcase classname="Practices.DiffResponceBodyExternalFile" name="responceBodyHashMap" time="1.350"/>
  <system-out/>
  <testcase classname="Practices.DiffResponceBodyExternalFile" name="delete" time="0.024"/>
  <system-out/>
</testsuite> <!-- Practices.DiffResponceBodyExternalFile -->
