<?xml version="1.0" encoding="UTF-8"?>
<!-- Generated by org.testng.reporters.JUnitReportReporter -->
<testsuite hostname="ZIL948" failures="0" tests="1" name="Practices.schemaValidation" time="1.960" errors="0" timestamp="2024-06-03T15:55:29 IST" skipped="0">
  <testcase classname="Practices.schemaValidation" name="jsonschemavalidation" time="1.960"/>
  <system-out/>
</testsuite> <!-- Practices.schemaValidation -->
