<?xml version="1.0" encoding="UTF-8"?>
<!-- Generated by org.testng.reporters.JUnitReportReporter -->
<testsuite hostname="ZIL948" failures="0" tests="2" name="Practices.DiffResponceBodyPOJO" time="1.540" errors="0" timestamp="2024-05-28T12:14:21 IST" skipped="0">
  <testcase classname="Practices.DiffResponceBodyPOJO" name="responceBodyHashMap" time="1.519"/>
  <system-out/>
  <testcase classname="Practices.DiffResponceBodyPOJO" name="delete" time="0.021"/>
  <system-out/>
</testsuite> <!-- Practices.DiffResponceBodyPOJO -->
