<?xml version="1.0" encoding="UTF-8"?>
<!-- Generated by org.testng.reporters.JUnitReportReporter -->
<testsuite hostname="ZIL948" failures="0" tests="1" name="Practice.HTTPSMethod" time="1.512" errors="0" timestamp="2024-06-21T10:58:10 IST" skipped="0">
  <testcase classname="Practice.HTTPSMethod" name="Updateuser" time="1.512"/>
  <system-out/>
</testsuite> <!-- Practice.HTTPSMethod -->
