<?xml version="1.0" encoding="UTF-8"?>
<!-- Generated by org.testng.reporters.JUnitReportReporter -->
<testsuite hostname="ZIL948" failures="0" tests="1" name="Practice.QueryParameters" time="1.497" errors="0" timestamp="2024-07-18T16:06:30 IST" skipped="0">
  <testcase classname="Practice.QueryParameters" name="parameter" time="1.497"/>
  <system-out/>
</testsuite> <!-- Practice.QueryParameters -->
