<?xml version="1.0" encoding="UTF-8"?>
<!-- Generated by org.testng.reporters.JUnitReportReporter -->
<testsuite hostname="ZIL948" failures="0" tests="4" name="api.test.UserTest" time="5.869" errors="0" timestamp="2024-05-29T17:34:24 IST" skipped="0">
  <testcase classname="api.test.UserTest" name="PostMethod" time="2.498"/>
  <system-out/>
  <testcase classname="api.test.UserTest" name="GetMethod" time="1.151"/>
  <system-out/>
  <testcase classname="api.test.UserTest" name="PutMethod" time="1.099"/>
  <system-out/>
  <testcase classname="api.test.UserTest" name="DeleteMethod" time="1.121"/>
  <system-out/>
</testsuite> <!-- api.test.UserTest -->
