<?xml version="1.0" encoding="UTF-8"?>
<!-- Generated by org.testng.reporters.JUnitReportReporter -->
<testsuite hostname="ZIL948" failures="0" tests="1" name="api.test.UserTest" time="3.129" errors="0" timestamp="2024-05-28T18:07:07 IST" skipped="0">
  <testcase classname="api.test.UserTest" name="PostMethod" time="3.129"/>
  <system-out/>
</testsuite> <!-- api.test.UserTest -->
