<?xml version="1.0" encoding="UTF-8"?>
<!-- Generated by org.testng.reporters.JUnitReportReporter -->
<testsuite hostname="ZIL948" failures="0" tests="1" name="Practices.DiffResponceBodyExternalFile" time="1.469" errors="0" timestamp="2024-06-03T15:51:09 IST" skipped="0">
  <testcase classname="Practices.DiffResponceBodyExternalFile" name="delete" time="1.469"/>
  <system-out/>
</testsuite> <!-- Practices.DiffResponceBodyExternalFile -->
