<?xml version="1.0" encoding="UTF-8"?>
<!-- Generated by org.testng.reporters.JUnitReportReporter -->
<testsuite hostname="ZIL948" failures="0" tests="1" name="Practices.QueryParameters" time="1.176" errors="0" timestamp="2024-05-28T12:53:08 IST" skipped="0">
  <testcase classname="Practices.QueryParameters" name="parameter" time="1.176"/>
  <system-out/>
</testsuite> <!-- Practices.QueryParameters -->
