<?xml version="1.0" encoding="UTF-8"?>
<!-- Generated by org.testng.reporters.JUnitReportReporter -->
<testsuite hostname="ZIL948" failures="0" tests="1" name="Practice.SchemaValidation" time="1.004" errors="0" timestamp="2024-09-12T16:29:30 IST" skipped="0">
  <testcase classname="Practice.SchemaValidation" name="JsonSchemaValidation" time="1.004"/>
  <system-out/>
</testsuite> <!-- Practice.SchemaValidation -->
