<?xml version="1.0" encoding="UTF-8"?>
<!-- Generated by org.testng.reporters.JUnitReportReporter -->
<testsuite hostname="ZIL948" failures="0" tests="4" name="Practices.HTTPSMethod" time="2.679" errors="0" timestamp="2024-05-27T17:07:04 IST" skipped="0">
  <testcase classname="Practices.HTTPSMethod" name="Get" time="1.365"/>
  <system-out/>
  <testcase classname="Practices.HTTPSMethod" name="Createuser" time="0.562"/>
  <system-out/>
  <testcase classname="Practices.HTTPSMethod" name="Updateuser" time="0.411"/>
  <system-out/>
  <testcase classname="Practices.HTTPSMethod" name="DeleteData" time="0.341"/>
  <system-out/>
</testsuite> <!-- Practices.HTTPSMethod -->
