<?xml version="1.0" encoding="UTF-8"?>
<!-- Generated by org.testng.reporters.JUnitReportReporter -->
<testsuite hostname="ZIL948" failures="0" tests="1" name="Practices.Cookies_Header" time="2.942" errors="0" timestamp="2024-05-28T15:38:29 IST" skipped="0">
  <testcase classname="Practices.Cookies_Header" name="getheader" time="2.942"/>
  <system-out/>
</testsuite> <!-- Practices.Cookies_Header -->
