<?xml version="1.0" encoding="UTF-8"?>
<!-- Generated by org.testng.reporters.JUnitReportReporter -->
<testsuite hostname="ZIL948" failures="0" tests="2" name="Practices.SerilizationDeSerilization" time="0.182" errors="0" timestamp="2024-06-03T17:55:04 IST" skipped="0">
  <testcase classname="Practices.SerilizationDeSerilization" name="convertJson2Pojo" time="0.169"/>
  <system-out/>
  <testcase classname="Practices.SerilizationDeSerilization" name="convertPojo2Json" time="0.013"/>
  <system-out/>
</testsuite> <!-- Practices.SerilizationDeSerilization -->
