<?xml version="1.0" encoding="UTF-8"?>
<!-- Generated by org.testng.reporters.JUnitReportReporter -->
<testsuite hostname="ZIL948" failures="0" tests="1" name="api.test.Day1Test" time="0.795" errors="0" timestamp="2024-09-12T16:11:22 IST" skipped="0">
  <testcase classname="api.test.Day1Test" name="test8_LocalAPI" time="0.795"/>
  <system-out/>
</testsuite> <!-- api.test.Day1Test -->
