<?xml version="1.0" encoding="UTF-8"?>
<!-- Generated by org.testng.reporters.JUnitReportReporter -->
<testsuite hostname="ZIL948" failures="0" tests="4" name="Practice.HTTPSMethod" time="3.409" errors="0" timestamp="2024-12-04T18:06:39 IST" skipped="0">
  <testcase classname="Practice.HTTPSMethod" name="Get" time="1.931"/>
  <system-out/>
  <testcase classname="Practice.HTTPSMethod" name="Createuser" time="0.640"/>
  <system-out/>
  <testcase classname="Practice.HTTPSMethod" name="Updateuser" time="0.426"/>
  <system-out/>
  <testcase classname="Practice.HTTPSMethod" name="DeleteData" time="0.412"/>
  <system-out/>
</testsuite> <!-- Practice.HTTPSMethod -->
