<?xml version="1.0" encoding="UTF-8"?>
<!-- Generated by org.testng.reporters.JUnitReportReporter -->
<testsuite hostname="ZIL948" failures="0" tests="2" name="Practices.DiffResponceBodyHashMap" time="2.563" errors="0" timestamp="2024-05-28T11:45:07 IST" skipped="0">
  <testcase classname="Practices.DiffResponceBodyHashMap" name="responceBodyHashMap" time="2.519"/>
  <system-out/>
  <testcase classname="Practices.DiffResponceBodyHashMap" name="delete" time="0.044"/>
  <system-out/>
</testsuite> <!-- Practices.DiffResponceBodyHashMap -->
