<?xml version="1.0" encoding="UTF-8"?>
<!-- Generated by org.testng.reporters.JUnitReportReporter -->
<testsuite hostname="ZIL948" failures="0" tests="2" name="Practices.DiffResponceBodyOrgJson" time="2.311" errors="0" timestamp="2024-05-28T11:57:21 IST" skipped="0">
  <testcase classname="Practices.DiffResponceBodyOrgJson" name="responceBodyHashMap" time="2.272"/>
  <system-out/>
  <testcase classname="Practices.DiffResponceBodyOrgJson" name="delete" time="0.039"/>
  <system-out/>
</testsuite> <!-- Practices.DiffResponceBodyOrgJson -->
